0 info it worked if it ends with ok
1 verbose cli [ '/usr/local/bin/node',
1 verbose cli   '/usr/local/bin/npm',
1 verbose cli   'run',
1 verbose cli   'production' ]
2 info using npm@3.10.10
3 info using node@v6.10.0
4 verbose run-script [ 'preproduction', 'production', 'postproduction' ]
5 info lifecycle Number-Puzzle-Solver@1.0.1~preproduction: Number-Puzzle-Solver@1.0.1
6 silly lifecycle Number-Puzzle-Solver@1.0.1~preproduction: no script for preproduction, continuing
7 info lifecycle Number-Puzzle-Solver@1.0.1~production: Number-Puzzle-Solver@1.0.1
8 verbose lifecycle Number-Puzzle-Solver@1.0.1~production: unsafe-perm in lifecycle true
9 verbose lifecycle Number-Puzzle-Solver@1.0.1~production: PATH: /usr/local/lib/node_modules/npm/bin/node-gyp-bin:/Users/kodybentley/Desktop/Game Dev/BrickBreaker-ES6/node_modules/.bin:/usr/local/bin:/usr/bin:/bin:/usr/sbin:/sbin
10 verbose lifecycle Number-Puzzle-Solver@1.0.1~production: CWD: /Users/kodybentley/Desktop/Game Dev/BrickBreaker-ES6
11 silly lifecycle Number-Puzzle-Solver@1.0.1~production: Args: [ '-c', 'gulp --production' ]
12 silly lifecycle Number-Puzzle-Solver@1.0.1~production: Returned: code: 1  signal: null
13 info lifecycle Number-Puzzle-Solver@1.0.1~production: Failed to exec production script
14 verbose stack Error: Number-Puzzle-Solver@1.0.1 production: `gulp --production`
14 verbose stack Exit status 1
14 verbose stack     at EventEmitter.<anonymous> (/usr/local/lib/node_modules/npm/lib/utils/lifecycle.js:255:16)
14 verbose stack     at emitTwo (events.js:106:13)
14 verbose stack     at EventEmitter.emit (events.js:191:7)
14 verbose stack     at ChildProcess.<anonymous> (/usr/local/lib/node_modules/npm/lib/utils/spawn.js:40:14)
14 verbose stack     at emitTwo (events.js:106:13)
14 verbose stack     at ChildProcess.emit (events.js:191:7)
14 verbose stack     at maybeClose (internal/child_process.js:877:16)
14 verbose stack     at Process.ChildProcess._handle.onexit (internal/child_process.js:226:5)
15 verbose pkgid Number-Puzzle-Solver@1.0.1
16 verbose cwd /Users/kodybentley/Desktop/Game Dev/BrickBreaker-ES6
17 error Darwin 16.4.0
18 error argv "/usr/local/bin/node" "/usr/local/bin/npm" "run" "production"
19 error node v6.10.0
20 error npm  v3.10.10
21 error code ELIFECYCLE
22 error Number-Puzzle-Solver@1.0.1 production: `gulp --production`
22 error Exit status 1
23 error Failed at the Number-Puzzle-Solver@1.0.1 production script 'gulp --production'.
23 error Make sure you have the latest version of node.js and npm installed.
23 error If you do, this is most likely a problem with the Number-Puzzle-Solver package,
23 error not with npm itself.
23 error Tell the author that this fails on your system:
23 error     gulp --production
23 error You can get information on how to open an issue for this project with:
23 error     npm bugs Number-Puzzle-Solver
23 error Or if that isn't available, you can get their info via:
23 error     npm owner ls Number-Puzzle-Solver
23 error There is likely additional logging output above.
24 verbose exit [ 1, true ]
